2023-05-13 22:05:929 INFO  LoginPage :38 - Enter username standard_user to username field [[ChromeDriver: chrome on WINDOWS (3ff712270a3a2566d6afa37f6d0b3fc8)] -> xpath: //input[@id='user-name']]
2023-05-13 22:05:42 INFO  LoginPage :43 - Enter password secret_sauce to password field [[ChromeDriver: chrome on WINDOWS (3ff712270a3a2566d6afa37f6d0b3fc8)] -> xpath: //input[@id='password']]
2023-05-13 22:05:102 INFO  LoginPage :48 - Clicking on login button
2023-05-13 22:05:239 INFO  LoginPage :53 - Getting text from : [[ChromeDriver: chrome on WINDOWS (3ff712270a3a2566d6afa37f6d0b3fc8)] -> xpath: //span[contains(text(),'Products')]]
2023-05-13 22:05:340 INFO  LoginPage :38 - Enter username standard_user to username field [[ChromeDriver: chrome on WINDOWS (ab05d235113281607452ac3588a3c564)] -> xpath: //input[@id='user-name']]
2023-05-13 22:05:497 INFO  LoginPage :43 - Enter password secret_sauce to password field [[ChromeDriver: chrome on WINDOWS (ab05d235113281607452ac3588a3c564)] -> xpath: //input[@id='password']]
2023-05-13 22:05:590 INFO  LoginPage :48 - Clicking on login button
2023-05-13 22:05:833 INFO  LoginPage :53 - Getting text from : [[ChromeDriver: chrome on WINDOWS (ab05d235113281607452ac3588a3c564)] -> xpath: //span[contains(text(),'Products')]]
2023-05-13 22:05:220 INFO  LoginPage :38 - Enter username standard_user to username field [[ChromeDriver: chrome on WINDOWS (0b81477c191dc1012eddeccb397dda80)] -> xpath: //input[@id='user-name']]
2023-05-13 22:05:384 INFO  LoginPage :43 - Enter password secret_sauce to password field [[ChromeDriver: chrome on WINDOWS (0b81477c191dc1012eddeccb397dda80)] -> xpath: //input[@id='password']]
2023-05-13 22:05:493 INFO  LoginPage :48 - Clicking on login button
2023-05-13 22:05:782 INFO  LoginPage :27 - Getting the number of displayed products : [[[ChromeDriver: chrome on WINDOWS (0b81477c191dc1012eddeccb397dda80)] -> css selector: .inventory_item_label], [[ChromeDriver: chrome on WINDOWS (0b81477c191dc1012eddeccb397dda80)] -> css selector: .inventory_item_label], [[ChromeDriver: chrome on WINDOWS (0b81477c191dc1012eddeccb397dda80)] -> css selector: .inventory_item_label], [[ChromeDriver: chrome on WINDOWS (0b81477c191dc1012eddeccb397dda80)] -> css selector: .inventory_item_label], [[ChromeDriver: chrome on WINDOWS (0b81477c191dc1012eddeccb397dda80)] -> css selector: .inventory_item_label], [[ChromeDriver: chrome on WINDOWS (0b81477c191dc1012eddeccb397dda80)] -> css selector: .inventory_item_label]]
2023-05-13 22:05:236 INFO  LoginPage :38 - Enter username standard_user to username field [[ChromeDriver: chrome on WINDOWS (5f7b8f51994605e425e50a7b9ea4c74d)] -> xpath: //input[@id='user-name']]
2023-05-13 22:05:397 INFO  LoginPage :43 - Enter password secret_sauce to password field [[ChromeDriver: chrome on WINDOWS (5f7b8f51994605e425e50a7b9ea4c74d)] -> xpath: //input[@id='password']]
2023-05-13 22:05:499 INFO  LoginPage :48 - Clicking on login button
2023-05-13 22:05:822 INFO  LoginPage :27 - Getting the number of displayed products : [[[ChromeDriver: chrome on WINDOWS (5f7b8f51994605e425e50a7b9ea4c74d)] -> css selector: .inventory_item_label], [[ChromeDriver: chrome on WINDOWS (5f7b8f51994605e425e50a7b9ea4c74d)] -> css selector: .inventory_item_label], [[ChromeDriver: chrome on WINDOWS (5f7b8f51994605e425e50a7b9ea4c74d)] -> css selector: .inventory_item_label], [[ChromeDriver: chrome on WINDOWS (5f7b8f51994605e425e50a7b9ea4c74d)] -> css selector: .inventory_item_label], [[ChromeDriver: chrome on WINDOWS (5f7b8f51994605e425e50a7b9ea4c74d)] -> css selector: .inventory_item_label], [[ChromeDriver: chrome on WINDOWS (5f7b8f51994605e425e50a7b9ea4c74d)] -> css selector: .inventory_item_label]]
2023-05-13 22:05:982 INFO  LoginPage :38 - Enter username standard_user to username field [[ChromeDriver: chrome on WINDOWS (503e0414e36db1677d5bcd7895b85c2c)] -> xpath: //input[@id='user-name']]
2023-05-13 22:05:135 INFO  LoginPage :43 - Enter password secret_sauce to password field [[ChromeDriver: chrome on WINDOWS (503e0414e36db1677d5bcd7895b85c2c)] -> xpath: //input[@id='password']]
2023-05-13 22:05:240 INFO  LoginPage :48 - Clicking on login button
2023-05-13 22:05:496 INFO  LoginPage :53 - Getting text from : [[ChromeDriver: chrome on WINDOWS (503e0414e36db1677d5bcd7895b85c2c)] -> xpath: //span[contains(text(),'Products')]]
2023-05-13 22:05:552 INFO  LoginPage :38 - Enter username standard_user to username field [[ChromeDriver: chrome on WINDOWS (146885226d4aebc1b882ca666deb7091)] -> xpath: //input[@id='user-name']]
2023-05-13 22:05:717 INFO  LoginPage :43 - Enter password secret_sauce to password field [[ChromeDriver: chrome on WINDOWS (146885226d4aebc1b882ca666deb7091)] -> xpath: //input[@id='password']]
2023-05-13 22:05:818 INFO  LoginPage :48 - Clicking on login button
2023-05-13 22:05:56 INFO  LoginPage :53 - Getting text from : [[ChromeDriver: chrome on WINDOWS (146885226d4aebc1b882ca666deb7091)] -> xpath: //span[contains(text(),'Products')]]
2023-05-13 22:05:596 INFO  LoginPage :38 - Enter username standard_user to username field [[ChromeDriver: chrome on WINDOWS (b32a5e62a036c6b5ae91d69dc9378bbc)] -> xpath: //input[@id='user-name']]
2023-05-13 22:05:89 INFO  LoginPage :43 - Enter password secret_sauce to password field [[ChromeDriver: chrome on WINDOWS (b32a5e62a036c6b5ae91d69dc9378bbc)] -> xpath: //input[@id='password']]
2023-05-13 22:05:192 INFO  LoginPage :48 - Clicking on login button
2023-05-13 22:05:435 INFO  LoginPage :27 - Getting the number of displayed products : [[[ChromeDriver: chrome on WINDOWS (b32a5e62a036c6b5ae91d69dc9378bbc)] -> css selector: .inventory_item_label], [[ChromeDriver: chrome on WINDOWS (b32a5e62a036c6b5ae91d69dc9378bbc)] -> css selector: .inventory_item_label], [[ChromeDriver: chrome on WINDOWS (b32a5e62a036c6b5ae91d69dc9378bbc)] -> css selector: .inventory_item_label], [[ChromeDriver: chrome on WINDOWS (b32a5e62a036c6b5ae91d69dc9378bbc)] -> css selector: .inventory_item_label], [[ChromeDriver: chrome on WINDOWS (b32a5e62a036c6b5ae91d69dc9378bbc)] -> css selector: .inventory_item_label], [[ChromeDriver: chrome on WINDOWS (b32a5e62a036c6b5ae91d69dc9378bbc)] -> css selector: .inventory_item_label]]
2023-05-13 23:05:547 INFO  LoginPage :38 - Enter username standard_user to username field [[ChromeDriver: chrome on WINDOWS (34e793b7a8f3187bc6febb09d3191398)] -> xpath: //input[@id='user-name']]
2023-05-13 23:05:652 INFO  LoginPage :43 - Enter password secret_sauce to password field [[ChromeDriver: chrome on WINDOWS (34e793b7a8f3187bc6febb09d3191398)] -> xpath: //input[@id='password']]
2023-05-13 23:05:724 INFO  LoginPage :48 - Clicking on login button
2023-05-13 23:05:898 INFO  LoginPage :53 - Getting text from : [[ChromeDriver: chrome on WINDOWS (34e793b7a8f3187bc6febb09d3191398)] -> xpath: //span[contains(text(),'Products')]]
2023-05-13 23:05:168 INFO  LoginPage :38 - Enter username standard_user to username field [[ChromeDriver: chrome on WINDOWS (7a153236e53656091b6a1e5028c30936)] -> xpath: //input[@id='user-name']]
2023-05-13 23:05:301 INFO  LoginPage :43 - Enter password secret_sauce to password field [[ChromeDriver: chrome on WINDOWS (7a153236e53656091b6a1e5028c30936)] -> xpath: //input[@id='password']]
2023-05-13 23:05:376 INFO  LoginPage :48 - Clicking on login button
2023-05-13 23:05:519 INFO  LoginPage :27 - Getting the number of displayed products : [[[ChromeDriver: chrome on WINDOWS (7a153236e53656091b6a1e5028c30936)] -> css selector: .inventory_item_label], [[ChromeDriver: chrome on WINDOWS (7a153236e53656091b6a1e5028c30936)] -> css selector: .inventory_item_label], [[ChromeDriver: chrome on WINDOWS (7a153236e53656091b6a1e5028c30936)] -> css selector: .inventory_item_label], [[ChromeDriver: chrome on WINDOWS (7a153236e53656091b6a1e5028c30936)] -> css selector: .inventory_item_label], [[ChromeDriver: chrome on WINDOWS (7a153236e53656091b6a1e5028c30936)] -> css selector: .inventory_item_label], [[ChromeDriver: chrome on WINDOWS (7a153236e53656091b6a1e5028c30936)] -> css selector: .inventory_item_label]]
2023-05-13 23:05:534 INFO  LoginPage :27 - Getting the number of displayed products : [[[ChromeDriver: chrome on WINDOWS (7a153236e53656091b6a1e5028c30936)] -> css selector: .inventory_item_label], [[ChromeDriver: chrome on WINDOWS (7a153236e53656091b6a1e5028c30936)] -> css selector: .inventory_item_label], [[ChromeDriver: chrome on WINDOWS (7a153236e53656091b6a1e5028c30936)] -> css selector: .inventory_item_label], [[ChromeDriver: chrome on WINDOWS (7a153236e53656091b6a1e5028c30936)] -> css selector: .inventory_item_label], [[ChromeDriver: chrome on WINDOWS (7a153236e53656091b6a1e5028c30936)] -> css selector: .inventory_item_label], [[ChromeDriver: chrome on WINDOWS (7a153236e53656091b6a1e5028c30936)] -> css selector: .inventory_item_label]]
2023-05-13 23:05:920 INFO  LoginPage :38 - Enter username standard_user to username field [[ChromeDriver: chrome on WINDOWS (925f381ab04cd60db25202bfc57a3cf6)] -> xpath: //input[@id='user-name']]
2023-05-13 23:05:82 INFO  LoginPage :43 - Enter password secret_sauce to password field [[ChromeDriver: chrome on WINDOWS (925f381ab04cd60db25202bfc57a3cf6)] -> xpath: //input[@id='password']]
2023-05-13 23:05:176 INFO  LoginPage :48 - Clicking on login button
2023-05-13 23:05:384 INFO  LoginPage :53 - Getting text from : [[ChromeDriver: chrome on WINDOWS (925f381ab04cd60db25202bfc57a3cf6)] -> xpath: //span[contains(text(),'Products')]]
2023-05-13 23:05:984 INFO  LoginPage :38 - Enter username standard_user to username field [[ChromeDriver: chrome on WINDOWS (f1e052b8ea2c7d29fc6b1f5f5a0fce02)] -> xpath: //input[@id='user-name']]
2023-05-13 23:05:174 INFO  LoginPage :43 - Enter password secret_sauce to password field [[ChromeDriver: chrome on WINDOWS (f1e052b8ea2c7d29fc6b1f5f5a0fce02)] -> xpath: //input[@id='password']]
2023-05-13 23:05:286 INFO  LoginPage :48 - Clicking on login button
2023-05-13 23:05:487 INFO  LoginPage :27 - Getting the number of displayed products : [[[ChromeDriver: chrome on WINDOWS (f1e052b8ea2c7d29fc6b1f5f5a0fce02)] -> css selector: .inventory_item_label], [[ChromeDriver: chrome on WINDOWS (f1e052b8ea2c7d29fc6b1f5f5a0fce02)] -> css selector: .inventory_item_label], [[ChromeDriver: chrome on WINDOWS (f1e052b8ea2c7d29fc6b1f5f5a0fce02)] -> css selector: .inventory_item_label], [[ChromeDriver: chrome on WINDOWS (f1e052b8ea2c7d29fc6b1f5f5a0fce02)] -> css selector: .inventory_item_label], [[ChromeDriver: chrome on WINDOWS (f1e052b8ea2c7d29fc6b1f5f5a0fce02)] -> css selector: .inventory_item_label], [[ChromeDriver: chrome on WINDOWS (f1e052b8ea2c7d29fc6b1f5f5a0fce02)] -> css selector: .inventory_item_label]]
2023-05-13 23:05:510 INFO  LoginPage :27 - Getting the number of displayed products : [[[ChromeDriver: chrome on WINDOWS (f1e052b8ea2c7d29fc6b1f5f5a0fce02)] -> css selector: .inventory_item_label], [[ChromeDriver: chrome on WINDOWS (f1e052b8ea2c7d29fc6b1f5f5a0fce02)] -> css selector: .inventory_item_label], [[ChromeDriver: chrome on WINDOWS (f1e052b8ea2c7d29fc6b1f5f5a0fce02)] -> css selector: .inventory_item_label], [[ChromeDriver: chrome on WINDOWS (f1e052b8ea2c7d29fc6b1f5f5a0fce02)] -> css selector: .inventory_item_label], [[ChromeDriver: chrome on WINDOWS (f1e052b8ea2c7d29fc6b1f5f5a0fce02)] -> css selector: .inventory_item_label], [[ChromeDriver: chrome on WINDOWS (f1e052b8ea2c7d29fc6b1f5f5a0fce02)] -> css selector: .inventory_item_label]]
2023-05-14 10:05:61 INFO  LoginPage :38 - Enter username standard_user to username field [[ChromeDriver: chrome on WINDOWS (c7a54bf07a1b9614d51adf8829f5ccb9)] -> xpath: //input[@id='user-name']]
2023-05-14 10:05:156 INFO  LoginPage :43 - Enter password secret_sauce to password field [[ChromeDriver: chrome on WINDOWS (c7a54bf07a1b9614d51adf8829f5ccb9)] -> xpath: //input[@id='password']]
2023-05-14 10:05:209 INFO  LoginPage :48 - Clicking on login button
2023-05-14 10:05:345 INFO  LoginPage :27 - Getting the number of displayed products : [[[ChromeDriver: chrome on WINDOWS (c7a54bf07a1b9614d51adf8829f5ccb9)] -> css selector: .inventory_item_label], [[ChromeDriver: chrome on WINDOWS (c7a54bf07a1b9614d51adf8829f5ccb9)] -> css selector: .inventory_item_label], [[ChromeDriver: chrome on WINDOWS (c7a54bf07a1b9614d51adf8829f5ccb9)] -> css selector: .inventory_item_label], [[ChromeDriver: chrome on WINDOWS (c7a54bf07a1b9614d51adf8829f5ccb9)] -> css selector: .inventory_item_label], [[ChromeDriver: chrome on WINDOWS (c7a54bf07a1b9614d51adf8829f5ccb9)] -> css selector: .inventory_item_label], [[ChromeDriver: chrome on WINDOWS (c7a54bf07a1b9614d51adf8829f5ccb9)] -> css selector: .inventory_item_label]]
2023-05-14 10:05:631 INFO  LoginPage :38 - Enter username standard_user to username field [[ChromeDriver: chrome on WINDOWS (0ba2dd021708ade82e8cde76870d86be)] -> xpath: //input[@id='user-name']]
2023-05-14 10:05:724 INFO  LoginPage :43 - Enter password secret_sauce to password field [[ChromeDriver: chrome on WINDOWS (0ba2dd021708ade82e8cde76870d86be)] -> xpath: //input[@id='password']]
2023-05-14 10:05:776 INFO  LoginPage :48 - Clicking on login button
2023-05-14 10:05:907 INFO  LoginPage :27 - Getting the number of displayed products : [[[ChromeDriver: chrome on WINDOWS (0ba2dd021708ade82e8cde76870d86be)] -> css selector: .inventory_item_label], [[ChromeDriver: chrome on WINDOWS (0ba2dd021708ade82e8cde76870d86be)] -> css selector: .inventory_item_label], [[ChromeDriver: chrome on WINDOWS (0ba2dd021708ade82e8cde76870d86be)] -> css selector: .inventory_item_label], [[ChromeDriver: chrome on WINDOWS (0ba2dd021708ade82e8cde76870d86be)] -> css selector: .inventory_item_label], [[ChromeDriver: chrome on WINDOWS (0ba2dd021708ade82e8cde76870d86be)] -> css selector: .inventory_item_label], [[ChromeDriver: chrome on WINDOWS (0ba2dd021708ade82e8cde76870d86be)] -> css selector: .inventory_item_label]]
